


ARM Macro Assembler    Page 1 


    1 00000000         ; BusyWait.s
    2 00000000         ; Student names: change this to your names or look very 
                       silly
    3 00000000         ; Last modification date: change this to the last modifi
                       cation date or look very silly
    4 00000000         
    5 00000000         ; Runs on TM4C123
    6 00000000         ; Use SPI to send an 8-bit code to the LCD.
    7 00000000         
    8 00000000         ; As part of Lab 7, students need to implement these out
                       command and outdata
    9 00000000         ; This driver assumes two low-level LCD functions
   10 00000000         ; this file is in the inc folder so it automatically wil
                       l be applied to labs 7 8 9 and 10
   11 00000000         
   12 00000000         
   13 00000000                 EXPORT           SPIOutCommand
   14 00000000                 EXPORT           SPIOutData
   15 00000000         
   16 00000000                 AREA             |.text|, CODE, READONLY, ALIGN=
2
   17 00000000                 THUMB
   18 00000000                 ALIGN
   19 00000000         ; Used in ECE319K Labs 7,8,9,10. You write these two fun
                       ctions
   20 00000000         
   21 00000000         ; ***********SPIOutCommand*****************
   22 00000000         ; This is a helper function that sends an 8-bit command 
                       to the LCD.
   23 00000000         ; Inputs: R0 = 32-bit command (number)
   24 00000000         ;         R1 = 32-bit SPI status register address
   25 00000000         ;         R2 = 32-bit SPI data register address
   26 00000000         ;         R3 = 32-bit GPIO port address for D/C
   27 00000000         ; Outputs: none
   28 00000000         ; Assumes: SPI and GPIO have already been initialized an
                       d enabled
   29 00000000         ; Note: must be AAPCS compliant
   30 00000000         ; Note: access to bit 6 of GPIO must be friendly
   31 00000000         SPIOutCommand
   32 00000000         ; --UUU-- Code to write a command to the LCD
   33 00000000         ;1) Read the SPI status register (R1 has address) and ch
                       eck bit 4, 
   34 00000000 E92D 4FF1       PUSH             {R0, R4-R11, LR}
   35 00000004         loop_command
   36 00000004 680C            LDR              R4, [R1]    ;gets information f
                                                            rom R1
   37 00000006 F004 0410       AND              R4, #0x10   ;isolates bit 4
   38 0000000A         ;2) If bit 4 is high, loop back to step 1 (wait for BUSY
                        bit to be low)
   39 0000000A 2C10            CMP              R4, #0x10
   40 0000000C D0FA            BEQ              loop_command
   41 0000000E         ;3) Clear D/C (GPIO bit 6) to zero, be friendly (R3 has 
                       address)
   42 0000000E 681C            LDR              R4, [R3]
   43 00000010 F024 0440       BIC              R4, #0x40   ;clears bit 6 fiend
                                                            ly
   44 00000014 601C            STR              R4, [R3]
   45 00000016         ;4) Write the command to the SPI data register (R2 has a
                       ddress)



ARM Macro Assembler    Page 2 


   46 00000016 6010            STR              R0, [R2]
   47 00000018         ;5) Read the SPI status register (R1 has address) and ch
                       eck bit 4,
   48 00000018         loop_command_2
   49 00000018 680C            LDR              R4, [R1]    ;gets information f
                                                            rom R1
   50 0000001A F004 0410       AND              R4, R4, #0x10 ;isolates bit 4
   51 0000001E         ;6) If bit 4 is high, loop back to step 5 (wait for BUSY
                        bit to be low)
   52 0000001E 2C10            CMP              R4, #0x10
   53 00000020 D0FA            BEQ              loop_command_2
   54 00000022 E8BD 4FF1       POP              {R0, R4-R11, LR}
   55 00000026 4770            BX               LR          ;   return
   56 00000028         
   57 00000028         ; ***********SPIOutData*****************
   58 00000028         ; This is a helper function that sends an 8-bit data to 
                       the LCD.
   59 00000028         ; Inputs: R0 = 32-bit data (number)
   60 00000028         ;         R1 = 32-bit SPI status register address
   61 00000028         ;         R2 = 32-bit SPI data register address
   62 00000028         ;         R3 = 32-bit GPIO port address for D/C
   63 00000028         ; Outputs: none
   64 00000028         ; Assumes: SPI and GPIO have already been initialized an
                       d enabled
   65 00000028         ; Note: must be AAPCS compliant
   66 00000028         ; Note: access to bit 6 of GPIO must be friendly
   67 00000028         
   68 00000028         SPIOutData
   69 00000028         ; --UUU-- Code to write data to the LCD
   70 00000028         ;1) Read the SPI status register (R1 has address) and ch
                       eck bit 1, 
   71 00000028 E92D 4FF1       PUSH             {R0, R4-R11, LR}
   72 0000002C         loop_command_3
   73 0000002C 680C            LDR              R4, [R1]    ;gets information f
                                                            rom R1
   74 0000002E F004 0402       AND              R4, R4, #0x02 ;isolates bit 1
   75 00000032         ;2) If bit 1 is low, loop back to step 1 (wait for TNF b
                       it to be high)
   76 00000032 2C02            CMP              R4, #0x02
   77 00000034 D1FA            BNE              loop_command_3
   78 00000036         ;3) Set D/C (GPIO bit 6) to one, be friendly (R3 has add
                       ress)
   79 00000036 681C            LDR              R4, [R3]
   80 00000038 F044 0440       ORR              R4, #0x40   ;sets bit 6 fiendly
                                                            
   81 0000003C 601C            STR              R4, [R3]
   82 0000003E         ;4) Write the data to the SPI data register (R2 has addr
                       ess)
   83 0000003E 6010            STR              R0, [R2]
   84 00000040 E8BD 4FF1       POP              {R0, R4-R11, LR}
   85 00000044 4770            BX               LR          ;return
   86 00000046         ;****************************************************
   87 00000046         
   88 00000046 00 00           ALIGN                        ; make sure the end
                                                             of this section is
                                                             aligned
   89 00000048                 END                          ; end of file
Command Line: --debug --xref --diag_suppress=9931 --cpu=Cortex-M4 --apcs=interw
ork --depend=.\busywait.d -o.\busywait.o -I.\RTE\_Lab7 -IC:\Users\luigi\AppData



ARM Macro Assembler    Page 3 


\Local\Arm\Packs\ARM\CMSIS\5.9.0\CMSIS\Core\Include -IC:\Users\luigi\AppData\Lo
cal\Arm\Packs\Keil\TM4C_DFP\1.1.0\Device\Include\TM4C123 --predefine="__EVAL SE
TA 1" --predefine="__MICROLIB SETA 1" --predefine="__UVISION_VERSION SETA 534" 
--predefine="_RTE_ SETA 1" --predefine="TM4C123GH6PM SETA 1" --predefine="_RTE_
 SETA 1" --list=.\busywait.lst ..\inc\BusyWait.s



ARM Macro Assembler    Page 1 Alphabetic symbol ordering
Relocatable symbols

.text 00000000

Symbol: .text
   Definitions
      At line 16 in file ..\inc\BusyWait.s
   Uses
      None
Comment: .text unused
SPIOutCommand 00000000

Symbol: SPIOutCommand
   Definitions
      At line 31 in file ..\inc\BusyWait.s
   Uses
      At line 13 in file ..\inc\BusyWait.s
Comment: SPIOutCommand used once
SPIOutData 00000028

Symbol: SPIOutData
   Definitions
      At line 68 in file ..\inc\BusyWait.s
   Uses
      At line 14 in file ..\inc\BusyWait.s
Comment: SPIOutData used once
loop_command 00000004

Symbol: loop_command
   Definitions
      At line 35 in file ..\inc\BusyWait.s
   Uses
      At line 40 in file ..\inc\BusyWait.s
Comment: loop_command used once
loop_command_2 00000018

Symbol: loop_command_2
   Definitions
      At line 48 in file ..\inc\BusyWait.s
   Uses
      At line 53 in file ..\inc\BusyWait.s
Comment: loop_command_2 used once
loop_command_3 0000002C

Symbol: loop_command_3
   Definitions
      At line 72 in file ..\inc\BusyWait.s
   Uses
      At line 77 in file ..\inc\BusyWait.s
Comment: loop_command_3 used once
6 symbols
341 symbols in table
